<?xml version="1.0" encoding="UTF-8"?>
<!-- Generated by org.testng.reporters.JUnitReportReporter -->
<testsuite hostname="Pro" name="unitbv.tests.CheckUnitBV" tests="9" failures="0" timestamp="5 Jun 2019 10:49:15 GMT" time="9.589" errors="0">
  <testcase name="verifyUrlUsingXPath" time="1.197" classname="unitbv.tests.CheckUnitBV"/>
  <testcase name="verifyUrlUsingXPath" time="0.848" classname="unitbv.tests.CheckUnitBV"/>
  <testcase name="verifyUrlUsingXPath" time="0.831" classname="unitbv.tests.CheckUnitBV"/>
  <testcase name="verifyUrlUsingXPath" time="0.941" classname="unitbv.tests.CheckUnitBV"/>
  <testcase name="verifyUrlUsingXPath" time="1.628" classname="unitbv.tests.CheckUnitBV"/>
  <testcase name="verifyUrlUsingXPath" time="1.085" classname="unitbv.tests.CheckUnitBV"/>
  <testcase name="verifyUrlUsingXPath" time="1.193" classname="unitbv.tests.CheckUnitBV"/>
  <testcase name="verifyUrlUsingXPath" time="0.974" classname="unitbv.tests.CheckUnitBV"/>
  <testcase name="verifyUrlUsingXPath" time="0.892" classname="unitbv.tests.CheckUnitBV"/>
</testsuite> <!-- unitbv.tests.CheckUnitBV -->
