<?xml version="1.0" encoding="UTF-8"?>
<!-- Generated by org.testng.reporters.JUnitReportReporter -->
<testsuite hostname="Pro" name="unitbv.tests.TestFromXls" tests="8" failures="0" timestamp="15 Jun 2019 08:22:34 GMT" time="4.812" errors="0">
  <testcase name="runTestCase" time="1.595" classname="unitbv.tests.TestFromXls"/>
  <testcase name="runTestCase" time="0.350" classname="unitbv.tests.TestFromXls"/>
  <testcase name="runTestCase" time="0.100" classname="unitbv.tests.TestFromXls"/>
  <testcase name="runTestCase" time="1.681" classname="unitbv.tests.TestFromXls"/>
  <testcase name="runTestCase" time="0.154" classname="unitbv.tests.TestFromXls"/>
  <testcase name="runTestCase" time="0.631" classname="unitbv.tests.TestFromXls"/>
  <testcase name="runTestCase" time="0.182" classname="unitbv.tests.TestFromXls"/>
  <testcase name="runTestCase" time="0.119" classname="unitbv.tests.TestFromXls"/>
</testsuite> <!-- unitbv.tests.TestFromXls -->
