<?xml version="1.0" encoding="UTF-8"?>
<!-- Generated by org.testng.reporters.JUnitReportReporter -->
<testsuite hostname="Pro" name="unitbv.tests.CheckISGrade" tests="1" failures="0" timestamp="15 Jun 2019 08:22:34 GMT" time="6.334" errors="0">
  <testcase name="verifyISGradeOnIntranet" time="6.334" classname="unitbv.tests.CheckISGrade"/>
</testsuite> <!-- unitbv.tests.CheckISGrade -->
